0 info it worked if it ends with ok
1 verbose cli [ 'node', '/usr/local/bin/npm', 'install', '-d' ]
2 info using npm@1.4.28
3 info using node@v0.10.36
4 verbose readDependencies using package.json deps
5 verbose install where, deps [ '/Users/jtryon/IT328/EmployeeDB',
5 verbose install   [ 'body-parser',
5 verbose install     'cookie-parser',
5 verbose install     'debug',
5 verbose install     'express',
5 verbose install     'jade',
5 verbose install     'morgan',
5 verbose install     'serve-favicon',
5 verbose install     'stylus',
5 verbose install     'mongodb' ] ]
6 info preinstall EmployeeDB@0.0.0
7 verbose readDependencies using package.json deps
8 verbose cache add [ 'debug@~2.1.1', null ]
9 verbose cache add name=undefined spec="debug@~2.1.1" args=["debug@~2.1.1",null]
10 verbose parsed url { protocol: null,
10 verbose parsed url   slashes: null,
10 verbose parsed url   auth: null,
10 verbose parsed url   host: null,
10 verbose parsed url   port: null,
10 verbose parsed url   hostname: null,
10 verbose parsed url   hash: null,
10 verbose parsed url   search: null,
10 verbose parsed url   query: null,
10 verbose parsed url   pathname: 'debug@~2.1.1',
10 verbose parsed url   path: 'debug@~2.1.1',
10 verbose parsed url   href: 'debug@~2.1.1' }
11 verbose cache add [ 'express@~4.12.0', null ]
12 verbose cache add name=undefined spec="express@~4.12.0" args=["express@~4.12.0",null]
13 verbose parsed url { protocol: null,
13 verbose parsed url   slashes: null,
13 verbose parsed url   auth: null,
13 verbose parsed url   host: null,
13 verbose parsed url   port: null,
13 verbose parsed url   hostname: null,
13 verbose parsed url   hash: null,
13 verbose parsed url   search: null,
13 verbose parsed url   query: null,
13 verbose parsed url   pathname: 'express@~4.12.0',
13 verbose parsed url   path: 'express@~4.12.0',
13 verbose parsed url   href: 'express@~4.12.0' }
14 verbose cache add name="debug" spec="~2.1.1" args=["debug","~2.1.1"]
15 verbose parsed url { protocol: null,
15 verbose parsed url   slashes: null,
15 verbose parsed url   auth: null,
15 verbose parsed url   host: null,
15 verbose parsed url   port: null,
15 verbose parsed url   hostname: null,
15 verbose parsed url   hash: null,
15 verbose parsed url   search: null,
15 verbose parsed url   query: null,
15 verbose parsed url   pathname: '~2.1.1',
15 verbose parsed url   path: '~2.1.1',
15 verbose parsed url   href: '~2.1.1' }
16 verbose addNamed [ 'debug', '~2.1.1' ]
17 verbose addNamed [ null, '>=2.1.1-0 <2.2.0-0' ]
18 verbose cache add name="express" spec="~4.12.0" args=["express","~4.12.0"]
19 verbose parsed url { protocol: null,
19 verbose parsed url   slashes: null,
19 verbose parsed url   auth: null,
19 verbose parsed url   host: null,
19 verbose parsed url   port: null,
19 verbose parsed url   hostname: null,
19 verbose parsed url   hash: null,
19 verbose parsed url   search: null,
19 verbose parsed url   query: null,
19 verbose parsed url   pathname: '~4.12.0',
19 verbose parsed url   path: '~4.12.0',
19 verbose parsed url   href: '~4.12.0' }
20 verbose addNamed [ 'express', '~4.12.0' ]
21 verbose addNamed [ null, '>=4.12.0-0 <4.13.0-0' ]
22 verbose cache add [ 'jade@~1.9.2', null ]
23 verbose cache add name=undefined spec="jade@~1.9.2" args=["jade@~1.9.2",null]
24 verbose parsed url { protocol: null,
24 verbose parsed url   slashes: null,
24 verbose parsed url   auth: null,
24 verbose parsed url   host: null,
24 verbose parsed url   port: null,
24 verbose parsed url   hostname: null,
24 verbose parsed url   hash: null,
24 verbose parsed url   search: null,
24 verbose parsed url   query: null,
24 verbose parsed url   pathname: 'jade@~1.9.2',
24 verbose parsed url   path: 'jade@~1.9.2',
24 verbose parsed url   href: 'jade@~1.9.2' }
25 silly lockFile 09d11068-debug-2-1-1 debug@~2.1.1
26 verbose lock debug@~2.1.1 /Users/jtryon/.npm/09d11068-debug-2-1-1.lock
27 silly lockFile f6913094-express-4-12-0 express@~4.12.0
28 verbose lock express@~4.12.0 /Users/jtryon/.npm/f6913094-express-4-12-0.lock
29 verbose cache add name="jade" spec="~1.9.2" args=["jade","~1.9.2"]
30 verbose parsed url { protocol: null,
30 verbose parsed url   slashes: null,
30 verbose parsed url   auth: null,
30 verbose parsed url   host: null,
30 verbose parsed url   port: null,
30 verbose parsed url   hostname: null,
30 verbose parsed url   hash: null,
30 verbose parsed url   search: null,
30 verbose parsed url   query: null,
30 verbose parsed url   pathname: '~1.9.2',
30 verbose parsed url   path: '~1.9.2',
30 verbose parsed url   href: '~1.9.2' }
31 verbose addNamed [ 'jade', '~1.9.2' ]
32 verbose addNamed [ null, '>=1.9.2-0 <1.10.0-0' ]
33 silly lockFile ee522cbd-jade-1-9-2 jade@~1.9.2
34 verbose lock jade@~1.9.2 /Users/jtryon/.npm/ee522cbd-jade-1-9-2.lock
35 verbose cache add [ 'morgan@~1.5.1', null ]
36 verbose cache add name=undefined spec="morgan@~1.5.1" args=["morgan@~1.5.1",null]
37 verbose parsed url { protocol: null,
37 verbose parsed url   slashes: null,
37 verbose parsed url   auth: null,
37 verbose parsed url   host: null,
37 verbose parsed url   port: null,
37 verbose parsed url   hostname: null,
37 verbose parsed url   hash: null,
37 verbose parsed url   search: null,
37 verbose parsed url   query: null,
37 verbose parsed url   pathname: 'morgan@~1.5.1',
37 verbose parsed url   path: 'morgan@~1.5.1',
37 verbose parsed url   href: 'morgan@~1.5.1' }
38 silly addNameRange { name: 'debug', range: '>=2.1.1-0 <2.2.0-0', hasData: false }
39 verbose cache add [ 'serve-favicon@~2.2.0', null ]
40 verbose cache add name=undefined spec="serve-favicon@~2.2.0" args=["serve-favicon@~2.2.0",null]
41 verbose parsed url { protocol: null,
41 verbose parsed url   slashes: null,
41 verbose parsed url   auth: null,
41 verbose parsed url   host: null,
41 verbose parsed url   port: null,
41 verbose parsed url   hostname: null,
41 verbose parsed url   hash: null,
41 verbose parsed url   search: null,
41 verbose parsed url   query: null,
41 verbose parsed url   pathname: 'serve-favicon@~2.2.0',
41 verbose parsed url   path: 'serve-favicon@~2.2.0',
41 verbose parsed url   href: 'serve-favicon@~2.2.0' }
42 verbose cache add [ 'stylus@0.42.3', null ]
43 verbose cache add name=undefined spec="stylus@0.42.3" args=["stylus@0.42.3",null]
44 verbose parsed url { protocol: null,
44 verbose parsed url   slashes: null,
44 verbose parsed url   auth: null,
44 verbose parsed url   host: null,
44 verbose parsed url   port: null,
44 verbose parsed url   hostname: null,
44 verbose parsed url   hash: null,
44 verbose parsed url   search: null,
44 verbose parsed url   query: null,
44 verbose parsed url   pathname: 'stylus@0.42.3',
44 verbose parsed url   path: 'stylus@0.42.3',
44 verbose parsed url   href: 'stylus@0.42.3' }
45 verbose cache add [ 'mongodb@>= 0.9.6-7', null ]
46 verbose cache add name=undefined spec="mongodb@>= 0.9.6-7" args=["mongodb@>= 0.9.6-7",null]
47 verbose parsed url { protocol: null,
47 verbose parsed url   slashes: null,
47 verbose parsed url   auth: null,
47 verbose parsed url   host: null,
47 verbose parsed url   port: null,
47 verbose parsed url   hostname: null,
47 verbose parsed url   hash: null,
47 verbose parsed url   search: null,
47 verbose parsed url   query: null,
47 verbose parsed url   pathname: 'mongodb@%3E=%200.9.6-7',
47 verbose parsed url   path: 'mongodb@%3E=%200.9.6-7',
47 verbose parsed url   href: 'mongodb@%3E=%200.9.6-7' }
48 verbose cache add name="morgan" spec="~1.5.1" args=["morgan","~1.5.1"]
49 verbose parsed url { protocol: null,
49 verbose parsed url   slashes: null,
49 verbose parsed url   auth: null,
49 verbose parsed url   host: null,
49 verbose parsed url   port: null,
49 verbose parsed url   hostname: null,
49 verbose parsed url   hash: null,
49 verbose parsed url   search: null,
49 verbose parsed url   query: null,
49 verbose parsed url   pathname: '~1.5.1',
49 verbose parsed url   path: '~1.5.1',
49 verbose parsed url   href: '~1.5.1' }
50 verbose addNamed [ 'morgan', '~1.5.1' ]
51 verbose addNamed [ null, '>=1.5.1-0 <1.6.0-0' ]
52 silly lockFile 66ba047d-morgan-1-5-1 morgan@~1.5.1
53 verbose lock morgan@~1.5.1 /Users/jtryon/.npm/66ba047d-morgan-1-5-1.lock
54 silly addNameRange { name: 'express',
54 silly addNameRange   range: '>=4.12.0-0 <4.13.0-0',
54 silly addNameRange   hasData: false }
55 silly addNameRange { name: 'jade', range: '>=1.9.2-0 <1.10.0-0', hasData: false }
56 verbose cache add name="serve-favicon" spec="~2.2.0" args=["serve-favicon","~2.2.0"]
57 verbose parsed url { protocol: null,
57 verbose parsed url   slashes: null,
57 verbose parsed url   auth: null,
57 verbose parsed url   host: null,
57 verbose parsed url   port: null,
57 verbose parsed url   hostname: null,
57 verbose parsed url   hash: null,
57 verbose parsed url   search: null,
57 verbose parsed url   query: null,
57 verbose parsed url   pathname: '~2.2.0',
57 verbose parsed url   path: '~2.2.0',
57 verbose parsed url   href: '~2.2.0' }
58 verbose addNamed [ 'serve-favicon', '~2.2.0' ]
59 verbose addNamed [ null, '>=2.2.0-0 <2.3.0-0' ]
60 silly lockFile 9df5bad7-serve-favicon-2-2-0 serve-favicon@~2.2.0
61 verbose lock serve-favicon@~2.2.0 /Users/jtryon/.npm/9df5bad7-serve-favicon-2-2-0.lock
62 verbose cache add name="stylus" spec="0.42.3" args=["stylus","0.42.3"]
63 verbose parsed url { protocol: null,
63 verbose parsed url   slashes: null,
63 verbose parsed url   auth: null,
63 verbose parsed url   host: null,
63 verbose parsed url   port: null,
63 verbose parsed url   hostname: null,
63 verbose parsed url   hash: null,
63 verbose parsed url   search: null,
63 verbose parsed url   query: null,
63 verbose parsed url   pathname: '0.42.3',
63 verbose parsed url   path: '0.42.3',
63 verbose parsed url   href: '0.42.3' }
64 verbose addNamed [ 'stylus', '0.42.3' ]
65 verbose addNamed [ '0.42.3', '0.42.3' ]
66 silly lockFile fb5b2923-stylus-0-42-3 stylus@0.42.3
67 verbose lock stylus@0.42.3 /Users/jtryon/.npm/fb5b2923-stylus-0-42-3.lock
68 verbose cache add [ 'body-parser@~1.12.0', null ]
69 verbose cache add name=undefined spec="body-parser@~1.12.0" args=["body-parser@~1.12.0",null]
70 verbose parsed url { protocol: null,
70 verbose parsed url   slashes: null,
70 verbose parsed url   auth: null,
70 verbose parsed url   host: null,
70 verbose parsed url   port: null,
70 verbose parsed url   hostname: null,
70 verbose parsed url   hash: null,
70 verbose parsed url   search: null,
70 verbose parsed url   query: null,
70 verbose parsed url   pathname: 'body-parser@~1.12.0',
70 verbose parsed url   path: 'body-parser@~1.12.0',
70 verbose parsed url   href: 'body-parser@~1.12.0' }
71 verbose cache add [ 'cookie-parser@~1.3.4', null ]
72 verbose cache add name=undefined spec="cookie-parser@~1.3.4" args=["cookie-parser@~1.3.4",null]
73 verbose parsed url { protocol: null,
73 verbose parsed url   slashes: null,
73 verbose parsed url   auth: null,
73 verbose parsed url   host: null,
73 verbose parsed url   port: null,
73 verbose parsed url   hostname: null,
73 verbose parsed url   hash: null,
73 verbose parsed url   search: null,
73 verbose parsed url   query: null,
73 verbose parsed url   pathname: 'cookie-parser@~1.3.4',
73 verbose parsed url   path: 'cookie-parser@~1.3.4',
73 verbose parsed url   href: 'cookie-parser@~1.3.4' }
74 verbose cache add name="mongodb" spec=">= 0.9.6-7" args=["mongodb",">= 0.9.6-7"]
75 verbose parsed url { protocol: null,
75 verbose parsed url   slashes: null,
75 verbose parsed url   auth: null,
75 verbose parsed url   host: null,
75 verbose parsed url   port: null,
75 verbose parsed url   hostname: null,
75 verbose parsed url   hash: null,
75 verbose parsed url   search: null,
75 verbose parsed url   query: null,
75 verbose parsed url   pathname: '%3E=%200.9.6-7',
75 verbose parsed url   path: '%3E=%200.9.6-7',
75 verbose parsed url   href: '%3E=%200.9.6-7' }
76 verbose addNamed [ 'mongodb', '>= 0.9.6-7' ]
77 verbose addNamed [ null, '>=0.9.6-7' ]
78 silly lockFile 98158330-mongodb-0-9-6-7 mongodb@>= 0.9.6-7
79 verbose lock mongodb@>= 0.9.6-7 /Users/jtryon/.npm/98158330-mongodb-0-9-6-7.lock
80 verbose cache add name="body-parser" spec="~1.12.0" args=["body-parser","~1.12.0"]
81 verbose parsed url { protocol: null,
81 verbose parsed url   slashes: null,
81 verbose parsed url   auth: null,
81 verbose parsed url   host: null,
81 verbose parsed url   port: null,
81 verbose parsed url   hostname: null,
81 verbose parsed url   hash: null,
81 verbose parsed url   search: null,
81 verbose parsed url   query: null,
81 verbose parsed url   pathname: '~1.12.0',
81 verbose parsed url   path: '~1.12.0',
81 verbose parsed url   href: '~1.12.0' }
82 verbose addNamed [ 'body-parser', '~1.12.0' ]
83 verbose addNamed [ null, '>=1.12.0-0 <1.13.0-0' ]
84 silly lockFile 6121e062-body-parser-1-12-0 body-parser@~1.12.0
85 verbose lock body-parser@~1.12.0 /Users/jtryon/.npm/6121e062-body-parser-1-12-0.lock
86 verbose cache add name="cookie-parser" spec="~1.3.4" args=["cookie-parser","~1.3.4"]
87 verbose parsed url { protocol: null,
87 verbose parsed url   slashes: null,
87 verbose parsed url   auth: null,
87 verbose parsed url   host: null,
87 verbose parsed url   port: null,
87 verbose parsed url   hostname: null,
87 verbose parsed url   hash: null,
87 verbose parsed url   search: null,
87 verbose parsed url   query: null,
87 verbose parsed url   pathname: '~1.3.4',
87 verbose parsed url   path: '~1.3.4',
87 verbose parsed url   href: '~1.3.4' }
88 verbose addNamed [ 'cookie-parser', '~1.3.4' ]
89 verbose addNamed [ null, '>=1.3.4-0 <1.4.0-0' ]
90 silly lockFile bb69fa92-cookie-parser-1-3-4 cookie-parser@~1.3.4
91 verbose lock cookie-parser@~1.3.4 /Users/jtryon/.npm/bb69fa92-cookie-parser-1-3-4.lock
92 silly addNameRange { name: 'morgan', range: '>=1.5.1-0 <1.6.0-0', hasData: false }
93 silly addNameRange { name: 'serve-favicon',
93 silly addNameRange   range: '>=2.2.0-0 <2.3.0-0',
93 silly addNameRange   hasData: false }
94 silly addNameRange { name: 'mongodb', range: '>=0.9.6-7', hasData: false }
95 silly addNameRange { name: 'body-parser',
95 silly addNameRange   range: '>=1.12.0-0 <1.13.0-0',
95 silly addNameRange   hasData: false }
96 silly addNameRange { name: 'cookie-parser',
96 silly addNameRange   range: '>=1.3.4-0 <1.4.0-0',
96 silly addNameRange   hasData: false }
97 verbose request where is /stylus
98 verbose request registry https://registry.npmjs.org/
99 verbose request id f33984f0b1013e52
100 verbose url raw /stylus
101 verbose url resolving [ 'https://registry.npmjs.org/', './stylus' ]
102 verbose url resolved https://registry.npmjs.org/stylus
103 verbose request where is https://registry.npmjs.org/stylus
104 info trying registry request attempt 1 at 14:54:32
105 http GET https://registry.npmjs.org/stylus
106 verbose request where is /jade
107 verbose request registry https://registry.npmjs.org/
108 verbose url raw /jade
109 verbose url resolving [ 'https://registry.npmjs.org/', './jade' ]
110 verbose url resolved https://registry.npmjs.org/jade
111 verbose request where is https://registry.npmjs.org/jade
112 info trying registry request attempt 1 at 14:54:32
113 verbose etag "9HFER4T80TO1R470MN8OHITMH"
114 http GET https://registry.npmjs.org/jade
115 verbose request where is /debug
116 verbose request registry https://registry.npmjs.org/
117 verbose url raw /debug
118 verbose url resolving [ 'https://registry.npmjs.org/', './debug' ]
119 verbose url resolved https://registry.npmjs.org/debug
120 verbose request where is https://registry.npmjs.org/debug
121 info trying registry request attempt 1 at 14:54:32
122 verbose etag "EX243VNVXRG757DDGJM5L7ELM"
123 http GET https://registry.npmjs.org/debug
124 verbose request where is /express
125 verbose request registry https://registry.npmjs.org/
126 verbose url raw /express
127 verbose url resolving [ 'https://registry.npmjs.org/', './express' ]
128 verbose url resolved https://registry.npmjs.org/express
129 verbose request where is https://registry.npmjs.org/express
130 info trying registry request attempt 1 at 14:54:32
131 verbose etag "DZVNXWZMDJ03SIJYT6NPAK6MS"
132 http GET https://registry.npmjs.org/express
133 verbose request where is /morgan
134 verbose request registry https://registry.npmjs.org/
135 verbose url raw /morgan
136 verbose url resolving [ 'https://registry.npmjs.org/', './morgan' ]
137 verbose url resolved https://registry.npmjs.org/morgan
138 verbose request where is https://registry.npmjs.org/morgan
139 info trying registry request attempt 1 at 14:54:32
140 verbose etag "CBH4EUD0F8GPUB6YFQTCAIGL1"
141 http GET https://registry.npmjs.org/morgan
142 verbose request where is /serve-favicon
143 verbose request registry https://registry.npmjs.org/
144 verbose url raw /serve-favicon
145 verbose url resolving [ 'https://registry.npmjs.org/', './serve-favicon' ]
146 verbose url resolved https://registry.npmjs.org/serve-favicon
147 verbose request where is https://registry.npmjs.org/serve-favicon
148 info trying registry request attempt 1 at 14:54:32
149 verbose etag "8V5WKKJRUXO2QYFH1CV13IFTW"
150 http GET https://registry.npmjs.org/serve-favicon
151 verbose request where is /mongodb
152 verbose request registry https://registry.npmjs.org/
153 verbose url raw /mongodb
154 verbose url resolving [ 'https://registry.npmjs.org/', './mongodb' ]
155 verbose url resolved https://registry.npmjs.org/mongodb
156 verbose request where is https://registry.npmjs.org/mongodb
157 info trying registry request attempt 1 at 14:54:32
158 verbose etag "6KYHMSV4P3J1YDH9EXZUIJ256"
159 http GET https://registry.npmjs.org/mongodb
160 verbose request where is /body-parser
161 verbose request registry https://registry.npmjs.org/
162 verbose url raw /body-parser
163 verbose url resolving [ 'https://registry.npmjs.org/', './body-parser' ]
164 verbose url resolved https://registry.npmjs.org/body-parser
165 verbose request where is https://registry.npmjs.org/body-parser
166 info trying registry request attempt 1 at 14:54:32
167 verbose etag "B19XK961BKXKFEX54T1Q24G5J"
168 http GET https://registry.npmjs.org/body-parser
169 verbose request where is /cookie-parser
170 verbose request registry https://registry.npmjs.org/
171 verbose url raw /cookie-parser
172 verbose url resolving [ 'https://registry.npmjs.org/', './cookie-parser' ]
173 verbose url resolved https://registry.npmjs.org/cookie-parser
174 verbose request where is https://registry.npmjs.org/cookie-parser
175 info trying registry request attempt 1 at 14:54:32
176 verbose etag "57J3XK6AIHZADURI7PC5WTE4T"
177 http GET https://registry.npmjs.org/cookie-parser
178 http 200 https://registry.npmjs.org/debug
179 silly registry.get cb [ 200,
179 silly registry.get   { date: 'Thu, 19 Mar 2015 21:54:32 GMT',
179 silly registry.get     server: 'CouchDB/1.5.0 (Erlang OTP/R16B03)',
179 silly registry.get     etag: '"BUNFD1NZT99WPV36G9YF4WPQA"',
179 silly registry.get     'content-type': 'application/json',
179 silly registry.get     'cache-control': 'max-age=60',
179 silly registry.get     'content-length': '32540',
179 silly registry.get     'accept-ranges': 'bytes',
179 silly registry.get     via: '1.1 varnish',
179 silly registry.get     age: '9',
179 silly registry.get     'x-served-by': 'cache-dfw1832-DFW',
179 silly registry.get     'x-cache': 'HIT',
179 silly registry.get     'x-cache-hits': '1',
179 silly registry.get     'x-timer': 'S1426802072.932222,VS0,VE0',
179 silly registry.get     vary: 'Accept',
179 silly registry.get     'keep-alive': 'timeout=10, max=50',
179 silly registry.get     connection: 'Keep-Alive' } ]
180 silly addNameRange number 2 { name: 'debug', range: '>=2.1.1-0 <2.2.0-0', hasData: true }
181 silly addNameRange versions [ 'debug',
181 silly addNameRange   [ '0.0.1',
181 silly addNameRange     '0.1.0',
181 silly addNameRange     '0.2.0',
181 silly addNameRange     '0.3.0',
181 silly addNameRange     '0.4.0',
181 silly addNameRange     '0.4.1',
181 silly addNameRange     '0.5.0',
181 silly addNameRange     '0.6.0',
181 silly addNameRange     '0.7.0',
181 silly addNameRange     '0.7.1',
181 silly addNameRange     '0.7.2',
181 silly addNameRange     '0.7.3',
181 silly addNameRange     '0.7.4',
181 silly addNameRange     '0.8.0',
181 silly addNameRange     '0.8.1',
181 silly addNameRange     '1.0.0',
181 silly addNameRange     '1.0.1',
181 silly addNameRange     '1.0.2',
181 silly addNameRange     '1.0.3',
181 silly addNameRange     '1.0.4',
181 silly addNameRange     '2.0.0',
181 silly addNameRange     '2.1.0',
181 silly addNameRange     '2.1.1',
181 silly addNameRange     '2.1.2',
181 silly addNameRange     '2.1.3' ] ]
182 verbose addNamed [ 'debug', '2.1.3' ]
183 verbose addNamed [ '2.1.3', '2.1.3' ]
184 silly lockFile aef7a5b5-debug-2-1-3 debug@2.1.3
185 verbose lock debug@2.1.3 /Users/jtryon/.npm/aef7a5b5-debug-2-1-3.lock
186 silly lockFile aef7a5b5-debug-2-1-3 debug@2.1.3
187 silly lockFile aef7a5b5-debug-2-1-3 debug@2.1.3
188 silly lockFile 09d11068-debug-2-1-1 debug@~2.1.1
189 silly lockFile 09d11068-debug-2-1-1 debug@~2.1.1
190 http 200 https://registry.npmjs.org/morgan
191 silly registry.get cb [ 200,
191 silly registry.get   { date: 'Thu, 19 Mar 2015 21:54:32 GMT',
191 silly registry.get     server: 'CouchDB/1.5.0 (Erlang OTP/R16B03)',
191 silly registry.get     etag: '"98BSREQYUQY7T1AFWAMOBCZ42"',
191 silly registry.get     'content-type': 'application/json',
191 silly registry.get     'cache-control': 'max-age=60',
191 silly registry.get     'content-length': '34473',
191 silly registry.get     'accept-ranges': 'bytes',
191 silly registry.get     via: '1.1 varnish',
191 silly registry.get     age: '2',
191 silly registry.get     'x-served-by': 'cache-dfw1834-DFW',
191 silly registry.get     'x-cache': 'HIT',
191 silly registry.get     'x-cache-hits': '1',
191 silly registry.get     'x-timer': 'S1426802072.932023,VS0,VE0',
191 silly registry.get     vary: 'Accept',
191 silly registry.get     'keep-alive': 'timeout=10, max=50',
191 silly registry.get     connection: 'Keep-Alive' } ]
192 silly addNameRange number 2 { name: 'morgan', range: '>=1.5.1-0 <1.6.0-0', hasData: true }
193 silly addNameRange versions [ 'morgan',
193 silly addNameRange   [ '1.0.0',
193 silly addNameRange     '1.0.1',
193 silly addNameRange     '1.1.0',
193 silly addNameRange     '1.1.1',
193 silly addNameRange     '1.2.0',
193 silly addNameRange     '1.2.1',
193 silly addNameRange     '1.2.2',
193 silly addNameRange     '1.2.3',
193 silly addNameRange     '1.3.0',
193 silly addNameRange     '1.3.1',
193 silly addNameRange     '1.3.2',
193 silly addNameRange     '1.4.0',
193 silly addNameRange     '1.4.1',
193 silly addNameRange     '1.5.0',
193 silly addNameRange     '1.5.1',
193 silly addNameRange     '1.5.2' ] ]
194 verbose addNamed [ 'morgan', '1.5.2' ]
195 verbose addNamed [ '1.5.2', '1.5.2' ]
196 silly lockFile 04d2cfbf-morgan-1-5-2 morgan@1.5.2
197 verbose lock morgan@1.5.2 /Users/jtryon/.npm/04d2cfbf-morgan-1-5-2.lock
198 silly lockFile 04d2cfbf-morgan-1-5-2 morgan@1.5.2
199 silly lockFile 04d2cfbf-morgan-1-5-2 morgan@1.5.2
200 silly lockFile 66ba047d-morgan-1-5-1 morgan@~1.5.1
201 silly lockFile 66ba047d-morgan-1-5-1 morgan@~1.5.1
202 http 200 https://registry.npmjs.org/serve-favicon
203 silly registry.get cb [ 200,
203 silly registry.get   { date: 'Thu, 19 Mar 2015 21:54:33 GMT',
203 silly registry.get     server: 'CouchDB/1.5.0 (Erlang OTP/R16B03)',
203 silly registry.get     etag: '"E5BSLOF3LLVN5Z1U3UXYTQLI9"',
203 silly registry.get     'content-type': 'application/json',
203 silly registry.get     'cache-control': 'max-age=60',
203 silly registry.get     'content-length': '20049',
203 silly registry.get     'accept-ranges': 'bytes',
203 silly registry.get     via: '1.1 varnish',
203 silly registry.get     age: '0',
203 silly registry.get     'x-served-by': 'cache-dfw1832-DFW',
203 silly registry.get     'x-cache': 'HIT',
203 silly registry.get     'x-cache-hits': '1',
203 silly registry.get     'x-timer': 'S1426802073.069631,VS0,VE62',
203 silly registry.get     vary: 'Accept',
203 silly registry.get     'keep-alive': 'timeout=10, max=49',
203 silly registry.get     connection: 'Keep-Alive' } ]
204 silly addNameRange number 2 { name: 'serve-favicon',
204 silly addNameRange   range: '>=2.2.0-0 <2.3.0-0',
204 silly addNameRange   hasData: true }
205 silly addNameRange versions [ 'serve-favicon',
205 silly addNameRange   [ '2.0.0',
205 silly addNameRange     '2.0.1',
205 silly addNameRange     '2.1.0',
205 silly addNameRange     '2.1.1',
205 silly addNameRange     '2.1.2',
205 silly addNameRange     '2.1.3',
205 silly addNameRange     '2.1.4',
205 silly addNameRange     '2.1.5',
205 silly addNameRange     '2.1.6',
205 silly addNameRange     '2.1.7',
205 silly addNameRange     '2.2.0' ] ]
206 verbose addNamed [ 'serve-favicon', '2.2.0' ]
207 verbose addNamed [ '2.2.0', '2.2.0' ]
208 silly lockFile cef81d7c-serve-favicon-2-2-0 serve-favicon@2.2.0
209 verbose lock serve-favicon@2.2.0 /Users/jtryon/.npm/cef81d7c-serve-favicon-2-2-0.lock
210 silly lockFile cef81d7c-serve-favicon-2-2-0 serve-favicon@2.2.0
211 silly lockFile cef81d7c-serve-favicon-2-2-0 serve-favicon@2.2.0
212 silly lockFile 9df5bad7-serve-favicon-2-2-0 serve-favicon@~2.2.0
213 silly lockFile 9df5bad7-serve-favicon-2-2-0 serve-favicon@~2.2.0
214 http 200 https://registry.npmjs.org/jade
215 silly registry.get cb [ 200,
215 silly registry.get   { date: 'Thu, 19 Mar 2015 21:54:32 GMT',
215 silly registry.get     server: 'CouchDB/1.5.0 (Erlang OTP/R16B03)',
215 silly registry.get     etag: '"934GXHA48X73XBSJQO0T4MBSL"',
215 silly registry.get     'content-type': 'application/json',
215 silly registry.get     'cache-control': 'max-age=60',
215 silly registry.get     'content-length': '141351',
215 silly registry.get     'accept-ranges': 'bytes',
215 silly registry.get     via: '1.1 varnish',
215 silly registry.get     age: '6',
215 silly registry.get     'x-served-by': 'cache-dfw1823-DFW',
215 silly registry.get     'x-cache': 'HIT',
215 silly registry.get     'x-cache-hits': '1',
215 silly registry.get     'x-timer': 'S1426802072.930437,VS0,VE0',
215 silly registry.get     vary: 'Accept',
215 silly registry.get     'keep-alive': 'timeout=10, max=50',
215 silly registry.get     connection: 'Keep-Alive' } ]
216 silly addNameRange number 2 { name: 'jade', range: '>=1.9.2-0 <1.10.0-0', hasData: true }
217 silly addNameRange versions [ 'jade',
217 silly addNameRange   [ '0.0.1',
217 silly addNameRange     '0.0.2',
217 silly addNameRange     '0.1.0',
217 silly addNameRange     '0.2.0',
217 silly addNameRange     '0.2.1',
217 silly addNameRange     '0.2.2',
217 silly addNameRange     '0.2.3',
217 silly addNameRange     '0.2.4',
217 silly addNameRange     '0.3.0',
217 silly addNameRange     '0.4.0',
217 silly addNameRange     '0.4.1',
217 silly addNameRange     '0.5.0',
217 silly addNameRange     '0.5.1',
217 silly addNameRange     '0.5.2',
217 silly addNameRange     '0.5.3',
217 silly addNameRange     '0.5.4',
217 silly addNameRange     '0.5.5',
217 silly addNameRange     '0.5.6',
217 silly addNameRange     '0.5.7',
217 silly addNameRange     '0.6.0',
217 silly addNameRange     '0.6.1',
217 silly addNameRange     '0.6.3',
217 silly addNameRange     '0.7.0',
217 silly addNameRange     '0.7.1',
217 silly addNameRange     '0.8.0',
217 silly addNameRange     '0.8.1',
217 silly addNameRange     '0.8.2',
217 silly addNameRange     '0.8.3',
217 silly addNameRange     '0.8.4',
217 silly addNameRange     '0.8.5',
217 silly addNameRange     '0.8.6',
217 silly addNameRange     '0.8.7',
217 silly addNameRange     '0.8.8',
217 silly addNameRange     '0.8.9',
217 silly addNameRange     '0.9.0',
217 silly addNameRange     '0.9.1',
217 silly addNameRange     '0.9.2',
217 silly addNameRange     '0.9.3',
217 silly addNameRange     '0.10.0',
217 silly addNameRange     '0.10.1',
217 silly addNameRange     '0.10.2',
217 silly addNameRange     '0.10.3',
217 silly addNameRange     '0.10.4',
217 silly addNameRange     '0.10.5',
217 silly addNameRange     '0.10.6',
217 silly addNameRange     '0.10.7',
217 silly addNameRange     '0.11.0',
217 silly addNameRange     '0.11.1',
217 silly addNameRange     '0.12.0',
217 silly addNameRange     '0.12.1',
217 silly addNameRange     '0.12.2',
217 silly addNameRange     '0.12.3',
217 silly addNameRange     '0.12.4',
217 silly addNameRange     '0.13.0',
217 silly addNameRange     '0.14.0',
217 silly addNameRange     '0.14.1',
217 silly addNameRange     '0.14.2',
217 silly addNameRange     '0.15.0',
217 silly addNameRange     '0.15.1',
217 silly addNameRange     '0.15.2',
217 silly addNameRange     '0.15.3',
217 silly addNameRange     '0.15.4',
217 silly addNameRange     '0.16.0',
217 silly addNameRange     '0.16.1',
217 silly addNameRange     '0.16.2',
217 silly addNameRange     '0.16.3',
217 silly addNameRange     '0.16.4',
217 silly addNameRange     '0.17.0',
217 silly addNameRange     '0.18.0',
217 silly addNameRange     '0.19.0',
217 silly addNameRange     '0.20.0',
217 silly addNameRange     '0.20.1',
217 silly addNameRange     '0.20.2',
217 silly addNameRange     '0.20.3',
217 silly addNameRange     '0.21.0',
217 silly addNameRange     '0.22.0',
217 silly addNameRange     '0.22.1',
217 silly addNameRange     '0.23.0',
217 silly addNameRange     '0.24.0',
217 silly addNameRange     '0.25.0',
217 silly addNameRange     '0.26.0',
217 silly addNameRange     '0.26.1',
217 silly addNameRange     '0.26.2',
217 silly addNameRange     '0.26.3',
217 silly addNameRange     '0.27.0',
217 silly addNameRange     '0.27.1',
217 silly addNameRange     '0.27.2',
217 silly addNameRange     '0.27.3',
217 silly addNameRange     '0.27.4',
217 silly addNameRange     '0.27.5',
217 silly addNameRange     '0.27.6',
217 silly addNameRange     '0.27.7',
217 silly addNameRange     '0.28.0',
217 silly addNameRange     '0.28.1',
217 silly addNameRange     '0.28.2',
217 silly addNameRange     '0.29.0',
217 silly addNameRange     '0.30.0',
217 silly addNameRange     '0.31.0',
217 silly addNameRange     '0.31.1',
217 silly addNameRange     '0.31.2',
217 silly addNameRange     '0.32.0',
217 silly addNameRange     '0.33.0',
217 silly addNameRange     '0.34.0',
217 silly addNameRange     '0.34.1',
217 silly addNameRange     '0.35.0',
217 silly addNameRange     '1.0.0',
217 silly addNameRange     '1.0.1',
217 silly addNameRange     '1.0.2',
217 silly addNameRange     '1.1.0',
217 silly addNameRange     '1.1.1',
217 silly addNameRange     '1.1.2',
217 silly addNameRange     '1.1.3',
217 silly addNameRange     '1.1.4',
217 silly addNameRange     '1.1.5',
217 silly addNameRange     '1.2.0',
217 silly addNameRange     '1.3.0',
217 silly addNameRange     '1.3.1',
217 silly addNameRange     '1.4.0',
217 silly addNameRange     '1.4.1',
217 silly addNameRange     '1.4.2',
217 silly addNameRange     '1.5.0',
217 silly addNameRange     '1.6.0',
217 silly addNameRange     '1.7.0',
217 silly addNameRange     '1.8.0',
217 silly addNameRange     '1.8.1',
217 silly addNameRange     '1.8.2',
217 silly addNameRange     '1.9.0',
217 silly addNameRange     '1.9.1',
217 silly addNameRange     '1.9.2' ] ]
218 verbose addNamed [ 'jade', '1.9.2' ]
219 verbose addNamed [ '1.9.2', '1.9.2' ]
220 silly lockFile 20e0e06b-jade-1-9-2 jade@1.9.2
221 verbose lock jade@1.9.2 /Users/jtryon/.npm/20e0e06b-jade-1-9-2.lock
222 silly lockFile 20e0e06b-jade-1-9-2 jade@1.9.2
223 silly lockFile 20e0e06b-jade-1-9-2 jade@1.9.2
224 silly lockFile ee522cbd-jade-1-9-2 jade@~1.9.2
225 silly lockFile ee522cbd-jade-1-9-2 jade@~1.9.2
226 http 200 https://registry.npmjs.org/cookie-parser
227 silly registry.get cb [ 200,
227 silly registry.get   { date: 'Thu, 19 Mar 2015 21:54:33 GMT',
227 silly registry.get     server: 'CouchDB/1.5.0 (Erlang OTP/R16B03)',
227 silly registry.get     etag: '"43K4BW1ZPZHE5RSPQY866XLDA"',
227 silly registry.get     'content-type': 'application/json',
227 silly registry.get     'cache-control': 'max-age=60',
227 silly registry.get     'content-length': '15505',
227 silly registry.get     'accept-ranges': 'bytes',
227 silly registry.get     via: '1.1 varnish',
227 silly registry.get     age: '0',
227 silly registry.get     'x-served-by': 'cache-dfw1823-DFW',
227 silly registry.get     'x-cache': 'HIT',
227 silly registry.get     'x-cache-hits': '1',
227 silly registry.get     'x-timer': 'S1426802073.324180,VS0,VE68',
227 silly registry.get     vary: 'Accept',
227 silly registry.get     'keep-alive': 'timeout=10, max=49',
227 silly registry.get     connection: 'Keep-Alive' } ]
228 http 200 https://registry.npmjs.org/body-parser
229 silly registry.get cb [ 200,
229 silly registry.get   { date: 'Thu, 19 Mar 2015 21:54:33 GMT',
229 silly registry.get     server: 'CouchDB/1.5.0 (Erlang OTP/R16B03)',
229 silly registry.get     etag: '"68VWGFTSV3B3MUIDALA75PTRD"',
229 silly registry.get     'content-type': 'application/json',
229 silly registry.get     'cache-control': 'max-age=60',
229 silly registry.get     'content-length': '90568',
229 silly registry.get     'accept-ranges': 'bytes',
229 silly registry.get     via: '1.1 varnish',
229 silly registry.get     age: '0',
229 silly registry.get     'x-served-by': 'cache-dfw1832-DFW',
229 silly registry.get     'x-cache': 'HIT',
229 silly registry.get     'x-cache-hits': '1',
229 silly registry.get     'x-timer': 'S1426802073.199395,VS0,VE49',
229 silly registry.get     vary: 'Accept',
229 silly registry.get     'keep-alive': 'timeout=10, max=48',
229 silly registry.get     connection: 'Keep-Alive' } ]
230 silly addNameRange number 2 { name: 'cookie-parser',
230 silly addNameRange   range: '>=1.3.4-0 <1.4.0-0',
230 silly addNameRange   hasData: true }
231 silly addNameRange versions [ 'cookie-parser',
231 silly addNameRange   [ '1.0.0',
231 silly addNameRange     '1.0.1',
231 silly addNameRange     '1.1.0',
231 silly addNameRange     '1.2.0',
231 silly addNameRange     '1.3.0',
231 silly addNameRange     '1.3.1',
231 silly addNameRange     '1.3.2',
231 silly addNameRange     '1.3.3',
231 silly addNameRange     '1.3.4' ] ]
232 verbose addNamed [ 'cookie-parser', '1.3.4' ]
233 verbose addNamed [ '1.3.4', '1.3.4' ]
234 silly lockFile db8a9715-cookie-parser-1-3-4 cookie-parser@1.3.4
235 verbose lock cookie-parser@1.3.4 /Users/jtryon/.npm/db8a9715-cookie-parser-1-3-4.lock
236 silly addNameRange number 2 { name: 'body-parser',
236 silly addNameRange   range: '>=1.12.0-0 <1.13.0-0',
236 silly addNameRange   hasData: true }
237 silly addNameRange versions [ 'body-parser',
237 silly addNameRange   [ '1.0.0',
237 silly addNameRange     '1.0.1',
237 silly addNameRange     '1.0.2',
237 silly addNameRange     '1.1.0',
237 silly addNameRange     '1.1.1',
237 silly addNameRange     '1.1.2',
237 silly addNameRange     '1.2.0',
237 silly addNameRange     '1.2.1',
237 silly addNameRange     '1.2.2',
237 silly addNameRange     '1.3.0',
237 silly addNameRange     '1.3.1',
237 silly addNameRange     '1.4.0',
237 silly addNameRange     '1.4.1',
237 silly addNameRange     '1.4.2',
237 silly addNameRange     '1.4.3',
237 silly addNameRange     '1.5.0',
237 silly addNameRange     '1.5.1',
237 silly addNameRange     '1.5.2',
237 silly addNameRange     '1.6.0',
237 silly addNameRange     '1.6.1',
237 silly addNameRange     '1.6.2',
237 silly addNameRange     '1.6.3',
237 silly addNameRange     '1.6.4',
237 silly addNameRange     '1.6.5',
237 silly addNameRange     '1.6.6',
237 silly addNameRange     '1.6.7',
237 silly addNameRange     '1.7.0',
237 silly addNameRange     '1.8.0',
237 silly addNameRange     '1.8.1',
237 silly addNameRange     '1.8.2',
237 silly addNameRange     '1.8.3',
237 silly addNameRange     '1.8.4',
237 silly addNameRange     '1.9.0',
237 silly addNameRange     '1.9.1',
237 silly addNameRange     '1.9.2',
237 silly addNameRange     '1.9.3',
237 silly addNameRange     '1.10.0',
237 silly addNameRange     '1.10.1',
237 silly addNameRange     '1.10.2',
237 silly addNameRange     '1.11.0',
237 silly addNameRange     '1.12.0',
237 silly addNameRange     '1.12.1',
237 silly addNameRange     '1.12.2' ] ]
238 verbose addNamed [ 'body-parser', '1.12.2' ]
239 verbose addNamed [ '1.12.2', '1.12.2' ]
240 silly lockFile 76f09536-body-parser-1-12-2 body-parser@1.12.2
241 verbose lock body-parser@1.12.2 /Users/jtryon/.npm/76f09536-body-parser-1-12-2.lock
242 silly lockFile 9a22e482-dy-parser-body-parser-1-12-2-tgz https://registry.npmjs.org/body-parser/-/body-parser-1.12.2.tgz
243 verbose lock https://registry.npmjs.org/body-parser/-/body-parser-1.12.2.tgz /Users/jtryon/.npm/9a22e482-dy-parser-body-parser-1-12-2-tgz.lock
244 verbose addRemoteTarball [ 'https://registry.npmjs.org/body-parser/-/body-parser-1.12.2.tgz',
244 verbose addRemoteTarball   '698368fb4dfc57a05bff1ddb1bebeba3bd2c0e87' ]
245 info retry fetch attempt 1 at 14:54:33
246 verbose fetch to= /var/folders/kg/tbnq06d56kn8tyb1g6nd8jtc0000gn/T/npm-2411-thB9e1Fn/registry.npmjs.org/body-parser/-/body-parser-1.12.2.tgz
247 silly lockFile db8a9715-cookie-parser-1-3-4 cookie-parser@1.3.4
248 silly lockFile db8a9715-cookie-parser-1-3-4 cookie-parser@1.3.4
249 http GET https://registry.npmjs.org/body-parser/-/body-parser-1.12.2.tgz
250 silly lockFile bb69fa92-cookie-parser-1-3-4 cookie-parser@~1.3.4
251 silly lockFile bb69fa92-cookie-parser-1-3-4 cookie-parser@~1.3.4
252 http 200 https://registry.npmjs.org/stylus
253 silly registry.get cb [ 200,
253 silly registry.get   { date: 'Thu, 19 Mar 2015 21:54:33 GMT',
253 silly registry.get     server: 'CouchDB/1.5.0 (Erlang OTP/R16B03)',
253 silly registry.get     etag: '"AZOQLDX6DEWXZB6C4E92V2ZI1"',
253 silly registry.get     'content-type': 'application/json',
253 silly registry.get     'cache-control': 'max-age=60',
253 silly registry.get     'content-length': '178243',
253 silly registry.get     'accept-ranges': 'bytes',
253 silly registry.get     via: '1.1 varnish',
253 silly registry.get     age: '0',
253 silly registry.get     'x-served-by': 'cache-dfw1831-DFW',
253 silly registry.get     'x-cache': 'HIT',
253 silly registry.get     'x-cache-hits': '1',
253 silly registry.get     'x-timer': 'S1426802072.932000,VS0,VE191',
253 silly registry.get     vary: 'Accept',
253 silly registry.get     'keep-alive': 'timeout=10, max=50',
253 silly registry.get     connection: 'Keep-Alive' } ]
254 silly lockFile fe235b6f-mjs-org-stylus-stylus-0-42-3-tgz https://registry.npmjs.org/stylus/-/stylus-0.42.3.tgz
255 verbose lock https://registry.npmjs.org/stylus/-/stylus-0.42.3.tgz /Users/jtryon/.npm/fe235b6f-mjs-org-stylus-stylus-0-42-3-tgz.lock
256 verbose addRemoteTarball [ 'https://registry.npmjs.org/stylus/-/stylus-0.42.3.tgz',
256 verbose addRemoteTarball   '23e8b3e71eb7f60bc4a657de498c8feb9c366c32' ]
257 info retry fetch attempt 1 at 14:54:33
258 verbose fetch to= /var/folders/kg/tbnq06d56kn8tyb1g6nd8jtc0000gn/T/npm-2411-thB9e1Fn/registry.npmjs.org/stylus/-/stylus-0.42.3.tgz
259 http GET https://registry.npmjs.org/stylus/-/stylus-0.42.3.tgz
260 http 200 https://registry.npmjs.org/mongodb
261 silly registry.get cb [ 200,
261 silly registry.get   { date: 'Thu, 19 Mar 2015 21:54:33 GMT',
261 silly registry.get     server: 'CouchDB/1.5.0 (Erlang OTP/R16B03)',
261 silly registry.get     etag: '"15FR4ES52RZII6BK7EW388WLJ"',
261 silly registry.get     'content-type': 'application/json',
261 silly registry.get     'cache-control': 'max-age=60',
261 silly registry.get     'content-length': '434407',
261 silly registry.get     'accept-ranges': 'bytes',
261 silly registry.get     via: '1.1 varnish',
261 silly registry.get     age: '6',
261 silly registry.get     'x-served-by': 'cache-dfw1834-DFW',
261 silly registry.get     'x-cache': 'HIT',
261 silly registry.get     'x-cache-hits': '1',
261 silly registry.get     'x-timer': 'S1426802073.125308,VS0,VE1',
261 silly registry.get     vary: 'Accept',
261 silly registry.get     'keep-alive': 'timeout=10, max=49',
261 silly registry.get     connection: 'Keep-Alive' } ]
262 http 200 https://registry.npmjs.org/express
263 silly registry.get cb [ 200,
263 silly registry.get   { date: 'Thu, 19 Mar 2015 21:54:32 GMT',
263 silly registry.get     server: 'CouchDB/1.5.0 (Erlang OTP/R16B03)',
263 silly registry.get     etag: '"2SRIVNNDM4TG0M05JTW9O6718"',
263 silly registry.get     'content-type': 'application/json',
263 silly registry.get     'cache-control': 'max-age=60',
263 silly registry.get     'content-length': '491564',
263 silly registry.get     'accept-ranges': 'bytes',
263 silly registry.get     via: '1.1 varnish',
263 silly registry.get     age: '51',
263 silly registry.get     'x-served-by': 'cache-dfw1822-DFW',
263 silly registry.get     'x-cache': 'HIT',
263 silly registry.get     'x-cache-hits': '10',
263 silly registry.get     'x-timer': 'S1426802072.934118,VS0,VE0',
263 silly registry.get     vary: 'Accept',
263 silly registry.get     'keep-alive': 'timeout=10, max=50',
263 silly registry.get     connection: 'Keep-Alive' } ]
264 silly addNameRange number 2 { name: 'mongodb', range: '>=0.9.6-7', hasData: true }
265 silly addNameRange versions [ 'mongodb',
265 silly addNameRange   [ '0.9.4',
265 silly addNameRange     '0.9.4-4',
265 silly addNameRange     '0.9.3',
265 silly addNameRange     '0.9.1',
265 silly addNameRange     '0.9.2',
265 silly addNameRange     '0.9.6-7',
265 silly addNameRange     '0.9.6-8',
265 silly addNameRange     '0.9.6-9',
265 silly addNameRange     '0.9.6-10',
265 silly addNameRange     '0.9.6-11',
265 silly addNameRange     '0.9.6-12',
265 silly addNameRange     '0.9.6-13',
265 silly addNameRange     '0.9.6-14',
265 silly addNameRange     '0.9.6-15',
265 silly addNameRange     '0.9.6-16',
265 silly addNameRange     '0.9.6-17',
265 silly addNameRange     '0.9.6-18',
265 silly addNameRange     '0.9.6-19',
265 silly addNameRange     '0.9.6-20',
265 silly addNameRange     '0.9.6-21',
265 silly addNameRange     '0.9.6-22',
265 silly addNameRange     '0.9.6-23',
265 silly addNameRange     '0.9.7',
265 silly addNameRange     '0.9.7-0',
265 silly addNameRange     '0.9.7-1',
265 silly addNameRange     '0.9.7-1.1',
265 silly addNameRange     '0.9.7-1.2',
265 silly addNameRange     '0.9.7-1.3',
265 silly addNameRange     '0.9.7-1.4',
265 silly addNameRange     '0.9.7-2',
265 silly addNameRange     '0.9.7-2-1',
265 silly addNameRange     '0.9.7-2-2',
265 silly addNameRange     '0.9.7-2-3',
265 silly addNameRange     '0.9.7-2-4',
265 silly addNameRange     '0.9.7-2-5',
265 silly addNameRange     '0.9.7-3',
265 silly addNameRange     '0.9.7-3-1',
265 silly addNameRange     '0.9.7-3-2',
265 silly addNameRange     '0.9.7-3-3',
265 silly addNameRange     '0.9.7-3-4',
265 silly addNameRange     '0.9.7-3-5',
265 silly addNameRange     '0.9.8',
265 silly addNameRange     '0.9.8-1',
265 silly addNameRange     '0.9.8-2',
265 silly addNameRange     '0.9.8-3',
265 silly addNameRange     '0.9.8-4',
265 silly addNameRange     '0.9.8-5',
265 silly addNameRange     '0.9.8-6',
265 silly addNameRange     '0.9.8-7',
265 silly addNameRange     '0.9.9',
265 silly addNameRange     '0.9.9-1',
265 silly addNameRange     '0.9.9-2',
265 silly addNameRange     '0.9.9-3',
265 silly addNameRange     '0.9.9-4',
265 silly addNameRange     '0.9.9-5',
265 silly addNameRange     '0.9.9-6',
265 silly addNameRange     '0.9.9-7',
265 silly addNameRange     '0.9.9-8',
265 silly addNameRange     '1.0.0',
265 silly addNameRange     '1.0.1',
265 silly addNameRange     '1.0.2',
265 silly addNameRange     '1.1.0-beta',
265 silly addNameRange     '1.1.0',
265 silly addNameRange     '1.1.1',
265 silly addNameRange     '1.1.2',
265 silly addNameRange     '1.1.3',
265 silly addNameRange     '1.1.4',
265 silly addNameRange     '1.1.5',
265 silly addNameRange     '1.1.6',
265 silly addNameRange     '1.1.7',
265 silly addNameRange     '1.1.8',
265 silly addNameRange     '1.1.9',
265 silly addNameRange     '1.1.10',
265 silly addNameRange     '1.1.11',
265 silly addNameRange     '1.2.0',
265 silly addNameRange     '1.2.1',
265 silly addNameRange     '1.2.2',
265 silly addNameRange     '1.2.3',
265 silly addNameRange     '1.2.4',
265 silly addNameRange     '1.2.5',
265 silly addNameRange     '1.2.6',
265 silly addNameRange     '1.2.7',
265 silly addNameRange     '1.2.8',
265 silly addNameRange     '1.2.9',
265 silly addNameRange     '1.2.10',
265 silly addNameRange     '1.2.11',
265 silly addNameRange     '1.2.12',
265 silly addNameRange     '1.2.13',
265 silly addNameRange     '1.2.14',
265 silly addNameRange     '1.3.0',
265 silly addNameRange     '1.3.1',
265 silly addNameRange     '1.3.2',
265 silly addNameRange     '1.3.3',
265 silly addNameRange     '1.3.4',
265 silly addNameRange     '1.3.5',
265 silly addNameRange     '1.3.6',
265 silly addNameRange     '1.3.7',
265 silly addNameRange     '1.3.8',
265 silly addNameRange     '1.3.9',
265 silly addNameRange     '1.3.10',
265 silly addNameRange     '1.3.11',
265 silly addNameRange     '1.3.12',
265 silly addNameRange     '1.3.14',
265 silly addNameRange     '1.3.15',
265 silly addNameRange     '1.3.17',
265 silly addNameRange     '1.3.18',
265 silly addNameRange     '1.3.19',
265 silly addNameRange     '1.4.0-rc2',
265 silly addNameRange     '1.3.20',
265 silly addNameRange     '1.4.0-rc3',
265 silly addNameRange     '1.3.21',
265 silly addNameRange     '1.3.22',
265 silly addNameRange     '1.3.23',
265 silly addNameRange     '1.4.0-rc4',
265 silly addNameRange     '1.4.0-rc5',
265 silly addNameRange     '1.4.0-rc6',
265 silly addNameRange     '1.4.0-rc7',
265 silly addNameRange     '1.4.0-rc8',
265 silly addNameRange     '1.4.0-rc9',
265 silly addNameRange     '1.4.0-rc10',
265 silly addNameRange     '1.4.0',
265 silly addNameRange     '1.4.1',
265 silly addNameRange     '1.4.2',
265 silly addNameRange     '1.4.3',
265 silly addNameRange     '1.4.4',
265 silly addNameRange     '1.4.5',
265 silly addNameRange     '1.4.6',
265 silly addNameRange     '1.4.7',
265 silly addNameRange     '1.4.8',
265 silly addNameRange     '1.4.9',
265 silly addNameRange     '1.4.10',
265 silly addNameRange     '2.0.0-alpha1',
265 silly addNameRange     '1.4.11',
265 silly addNameRange     '1.4.12',
265 silly addNameRange     '1.4.14',
265 silly addNameRange     '1.4.15',
265 silly addNameRange     '1.4.16',
265 silly addNameRange     '1.4.17',
265 silly addNameRange     '2.0.0-alpha2',
265 silly addNameRange     '1.4.18',
265 silly addNameRange     '2.0.0',
265 silly addNameRange     '2.0.1',
265 silly addNameRange     '2.0.2',
265 silly addNameRange     '1.4.19',
265 silly addNameRange     '2.0.3',
265 silly addNameRange     '2.0.4',
265 silly addNameRange     '2.0.5',
265 silly addNameRange     '2.0.6',
265 silly addNameRange     '1.4.20',
265 silly addNameRange     '1.4.22',
265 silly addNameRange     '2.0.7',
265 silly addNameRange     '2.0.8',
265 silly addNameRange     '2.0.9',
265 silly addNameRange     '1.4.23',
265 silly addNameRange     '2.0.10',
265 silly addNameRange     '1.4.24',
265 silly addNameRange     '2.0.11',
265 silly addNameRange     '1.4.25',
265 silly addNameRange     '2.0.12',
265 silly addNameRange     '1.4.26',
265 silly addNameRange     '1.4.27',
265 silly addNameRange     '1.4.28',
265 silly addNameRange     '2.0.13',
265 silly addNameRange     '2.0.14',
265 silly addNameRange     '1.4.29',
265 silly addNameRange     '2.0.15',
265 silly addNameRange     '1.4.30',
265 silly addNameRange     '2.0.16',
265 silly addNameRange     '1.4.31',
265 silly addNameRange     '2.0.17',
265 silly addNameRange     '1.4.32',
265 silly addNameRange     '2.0.18',
265 silly addNameRange     '2.0.19',
265 silly addNameRange     '1.4.33',
265 silly addNameRange     '2.0.20',
265 silly addNameRange     '2.0.21',
265 silly addNameRange     '1.4.34',
265 silly addNameRange     '2.0.22' ] ]
266 verbose addNamed [ 'mongodb', '1.4.34' ]
267 verbose addNamed [ '1.4.34', '1.4.34' ]
268 silly lockFile ee43449c-mongodb-1-4-34 mongodb@1.4.34
269 verbose lock mongodb@1.4.34 /Users/jtryon/.npm/ee43449c-mongodb-1-4-34.lock
270 silly addNameRange number 2 { name: 'express', range: '>=4.12.0-0 <4.13.0-0', hasData: true }
271 silly addNameRange versions [ 'express',
271 silly addNameRange   [ '0.14.0',
271 silly addNameRange     '0.14.1',
271 silly addNameRange     '1.0.0',
271 silly addNameRange     '1.0.1',
271 silly addNameRange     '1.0.2',
271 silly addNameRange     '1.0.3',
271 silly addNameRange     '1.0.4',
271 silly addNameRange     '1.0.5',
271 silly addNameRange     '1.0.6',
271 silly addNameRange     '1.0.7',
271 silly addNameRange     '1.0.8',
271 silly addNameRange     '2.0.0',
271 silly addNameRange     '2.1.0',
271 silly addNameRange     '2.1.1',
271 silly addNameRange     '2.2.0',
271 silly addNameRange     '2.2.1',
271 silly addNameRange     '2.2.2',
271 silly addNameRange     '2.3.0',
271 silly addNameRange     '2.3.1',
271 silly addNameRange     '2.3.2',
271 silly addNameRange     '2.3.3',
271 silly addNameRange     '2.3.4',
271 silly addNameRange     '2.3.5',
271 silly addNameRange     '2.3.6',
271 silly addNameRange     '2.3.7',
271 silly addNameRange     '2.3.8',
271 silly addNameRange     '2.3.9',
271 silly addNameRange     '2.3.10',
271 silly addNameRange     '2.3.11',
271 silly addNameRange     '2.3.12',
271 silly addNameRange     '2.4.0',
271 silly addNameRange     '2.4.1',
271 silly addNameRange     '2.4.2',
271 silly addNameRange     '2.4.3',
271 silly addNameRange     '2.4.4',
271 silly addNameRange     '2.4.5',
271 silly addNameRange     '2.4.6',
271 silly addNameRange     '2.4.7',
271 silly addNameRange     '2.5.0',
271 silly addNameRange     '2.5.1',
271 silly addNameRange     '2.5.2',
271 silly addNameRange     '2.5.3',
271 silly addNameRange     '2.5.4',
271 silly addNameRange     '2.5.5',
271 silly addNameRange     '2.5.6',
271 silly addNameRange     '2.5.7',
271 silly addNameRange     '2.5.8',
271 silly addNameRange     '2.5.9',
271 silly addNameRange     '2.5.10',
271 silly addNameRange     '2.5.11',
271 silly addNameRange     '3.0.0',
271 silly addNameRange     '3.0.1',
271 silly addNameRange     '3.0.2',
271 silly addNameRange     '3.0.3',
271 silly addNameRange     '3.0.4',
271 silly addNameRange     '3.0.5',
271 silly addNameRange     '3.0.6',
271 silly addNameRange     '3.1.0',
271 silly addNameRange     '3.1.1',
271 silly addNameRange     '3.1.2',
271 silly addNameRange     '3.2.0',
271 silly addNameRange     '3.2.1',
271 silly addNameRange     '3.2.2',
271 silly addNameRange     '3.2.3',
271 silly addNameRange     '3.2.4',
271 silly addNameRange     '3.2.5',
271 silly addNameRange     '3.2.6',
271 silly addNameRange     '3.3.0',
271 silly addNameRange     '3.3.1',
271 silly addNameRange     '3.3.2',
271 silly addNameRange     '3.3.3',
271 silly addNameRange     '3.3.4',
271 silly addNameRange     '3.3.5',
271 silly addNameRange     '3.3.6',
271 silly addNameRange     '1.0.0-beta',
271 silly addNameRange     '1.0.0-beta2',
271 silly addNameRange     '1.0.0-rc',
271 silly addNameRange     '1.0.0-rc2',
271 silly addNameRange     '1.0.0-rc3',
271 silly addNameRange     '1.0.0-rc4',
271 silly addNameRange     '2.0.0-beta',
271 silly addNameRange     '2.0.0-beta2',
271 silly addNameRange     '2.0.0-beta3',
271 silly addNameRange     '2.0.0-rc',
271 silly addNameRange     '2.0.0-rc2',
271 silly addNameRange     '2.0.0-rc3',
271 silly addNameRange     '3.0.0-alpha1',
271 silly addNameRange     '3.0.0-alpha2',
271 silly addNameRange     '3.0.0-alpha3',
271 silly addNameRange     '3.0.0-alpha4',
271 silly addNameRange     '3.0.0-alpha5',
271 silly addNameRange     '3.0.0-beta1',
271 silly addNameRange     '3.0.0-beta2',
271 silly addNameRange     '3.0.0-beta3',
271 silly addNameRange     '3.0.0-beta4',
271 silly addNameRange     '3.0.0-beta6',
271 silly addNameRange     '3.0.0-beta7',
271 silly addNameRange     '3.0.0-rc1',
271 silly addNameRange     '3.0.0-rc2',
271 silly addNameRange     '3.0.0-rc3',
271 silly addNameRange     '3.0.0-rc4',
271 silly addNameRange     '3.0.0-rc5',
271 silly addNameRange     '3.3.7',
271 silly addNameRange     '3.3.8',
271 silly addNameRange     '3.4.0',
271 silly addNameRange     '3.4.1',
271 silly addNameRange     '3.4.2',
271 silly addNameRange     '3.4.3',
271 silly addNameRange     '3.4.4',
271 silly addNameRange     '3.4.5',
271 silly addNameRange     '3.4.6',
271 silly addNameRange     '3.4.7',
271 silly addNameRange     '3.4.8',
271 silly addNameRange     '4.0.0-rc1',
271 silly addNameRange     '4.0.0-rc2',
271 silly addNameRange     '3.5.0',
271 silly addNameRange     '4.0.0-rc3',
271 silly addNameRange     '4.0.0-rc4',
271 silly addNameRange     '3.5.1',
271 silly addNameRange     '4.0.0',
271 silly addNameRange     '3.5.2',
271 silly addNameRange     '4.1.0',
271 silly addNameRange     '4.1.1',
271 silly addNameRange     '3.5.3',
271 silly addNameRange     '4.1.2',
271 silly addNameRange     '3.6.0',
271 silly addNameRange     '4.2.0',
271 silly addNameRange     '3.7.0',
271 silly addNameRange     '3.8.0',
271 silly addNameRange     '4.3.0',
271 silly addNameRange     '4.3.1',
271 silly addNameRange     '3.8.1',
271 silly addNameRange     '4.3.2',
271 silly addNameRange     '3.9.0',
271 silly addNameRange     '4.4.0',
271 silly addNameRange     '4.4.1',
271 silly addNameRange     '3.10.0',
271 silly addNameRange     '3.10.1',
271 silly addNameRange     '3.10.2',
271 silly addNameRange     '3.10.3',
271 silly addNameRange     '3.10.4',
271 silly addNameRange     '4.4.2',
271 silly addNameRange     '3.10.5',
271 silly addNameRange     '4.4.3',
271 silly addNameRange     '3.11.0',
271 silly addNameRange     '4.4.4',
271 silly addNameRange     '3.12.0',
271 silly addNameRange     '3.12.1',
271 silly addNameRange     '4.4.5',
271 silly addNameRange     '3.13.0',
271 silly addNameRange     '4.5.0',
271 silly addNameRange     '4.5.1',
271 silly addNameRange     '3.14.0',
271 silly addNameRange     '4.6.0',
271 silly addNameRange     '4.6.1',
271 silly addNameRange     '3.15.0',
271 silly addNameRange     '4.7.0',
271 silly addNameRange     '3.15.1',
271 silly addNameRange     '4.7.1',
271 silly addNameRange     '3.15.2',
271 silly addNameRange     '4.7.2',
271 silly addNameRange     '4.7.3',
271 silly addNameRange     '3.15.3',
271 silly addNameRange     '4.7.4',
271 silly addNameRange     '3.16.0',
271 silly addNameRange     '4.8.0',
271 silly addNameRange     '3.16.1',
271 silly addNameRange     '4.8.1',
271 silly addNameRange     '3.16.2',
271 silly addNameRange     '4.8.2',
271 silly addNameRange     '3.16.3',
271 silly addNameRange     '3.16.4',
271 silly addNameRange     '4.8.3',
271 silly addNameRange     '3.16.5',
271 silly addNameRange     '3.16.6',
271 silly addNameRange     '4.8.4',
271 silly addNameRange     '3.16.7',
271 silly addNameRange     '4.8.5',
271 silly addNameRange     '3.16.8',
271 silly addNameRange     '4.8.6',
271 silly addNameRange     '3.16.9',
271 silly addNameRange     '4.8.7',
271 silly addNameRange     '3.16.10',
271 silly addNameRange     '4.8.8',
271 silly addNameRange     '3.17.0',
271 silly addNameRange     '3.17.1',
271 silly addNameRange     '4.9.0',
271 silly addNameRange     '3.17.2',
271 silly addNameRange     '4.9.1',
271 silly addNameRange     '4.9.2',
271 silly addNameRange     '3.17.3',
271 silly addNameRange     '4.9.3',
271 silly addNameRange     '3.17.4',
271 silly addNameRange     '4.9.4',
271 silly addNameRange     '3.17.5',
271 silly addNameRange     '4.9.5',
271 silly addNameRange     '3.17.6',
271 silly addNameRange     '3.17.7',
271 silly addNameRange     '4.9.6',
271 silly addNameRange     '4.9.7',
271 silly addNameRange     '3.17.8',
271 silly addNameRange     '4.9.8',
271 silly addNameRange     '3.18.0',
271 silly addNameRange     '3.18.1',
271 silly addNameRange     '4.10.0',
271 silly addNameRange     '3.18.2',
271 silly addNameRange     '4.10.1',
271 silly addNameRange     '5.0.0-alpha.1',
271 silly addNameRange     '3.18.3',
271 silly addNameRange     '4.10.2',
271 silly addNameRange     '3.18.4',
271 silly addNameRange     '4.10.3',
271 silly addNameRange     '4.10.4',
271 silly addNameRange     '4.10.5',
271 silly addNameRange     '3.18.5',
271 silly addNameRange     '3.18.6',
271 silly addNameRange     '4.10.6',
271 silly addNameRange     '4.10.7',
271 silly addNameRange     '3.19.0',
271 silly addNameRange     '4.10.8',
271 silly addNameRange     '4.11.0',
271 silly addNameRange     '3.19.1',
271 silly addNameRange     '4.11.1',
271 silly addNameRange     '3.19.2',
271 silly addNameRange     '4.11.2',
271 silly addNameRange     '3.20.0',
271 silly addNameRange     '4.12.0',
271 silly addNameRange     '3.20.1',
271 silly addNameRange     '4.12.1',
271 silly addNameRange     '4.12.2',
271 silly addNameRange     '3.20.2',
271 silly addNameRange     '4.12.3' ] ]
272 verbose addNamed [ 'express', '4.12.3' ]
273 verbose addNamed [ '4.12.3', '4.12.3' ]
274 silly lockFile 0b3fc563-express-4-12-3 express@4.12.3
275 verbose lock express@4.12.3 /Users/jtryon/.npm/0b3fc563-express-4-12-3.lock
276 silly lockFile c3db49de-s-org-express-express-4-12-3-tgz https://registry.npmjs.org/express/-/express-4.12.3.tgz
277 verbose lock https://registry.npmjs.org/express/-/express-4.12.3.tgz /Users/jtryon/.npm/c3db49de-s-org-express-express-4-12-3-tgz.lock
278 verbose addRemoteTarball [ 'https://registry.npmjs.org/express/-/express-4.12.3.tgz',
278 verbose addRemoteTarball   '6b9d94aec5ae03270d86d390c277a8c5a5ad0ee2' ]
279 info retry fetch attempt 1 at 14:54:33
280 verbose fetch to= /var/folders/kg/tbnq06d56kn8tyb1g6nd8jtc0000gn/T/npm-2411-thB9e1Fn/registry.npmjs.org/express/-/express-4.12.3.tgz
281 silly lockFile ee43449c-mongodb-1-4-34 mongodb@1.4.34
282 silly lockFile ee43449c-mongodb-1-4-34 mongodb@1.4.34
283 http GET https://registry.npmjs.org/express/-/express-4.12.3.tgz
284 silly lockFile 98158330-mongodb-0-9-6-7 mongodb@>= 0.9.6-7
285 silly lockFile 98158330-mongodb-0-9-6-7 mongodb@>= 0.9.6-7
286 http 200 https://registry.npmjs.org/body-parser/-/body-parser-1.12.2.tgz
287 silly lockFile 9a22e482-dy-parser-body-parser-1-12-2-tgz https://registry.npmjs.org/body-parser/-/body-parser-1.12.2.tgz
288 silly lockFile 9a22e482-dy-parser-body-parser-1-12-2-tgz https://registry.npmjs.org/body-parser/-/body-parser-1.12.2.tgz
289 silly lockFile 76f09536-body-parser-1-12-2 body-parser@1.12.2
290 silly lockFile 76f09536-body-parser-1-12-2 body-parser@1.12.2
291 silly lockFile 6121e062-body-parser-1-12-0 body-parser@~1.12.0
292 silly lockFile 6121e062-body-parser-1-12-0 body-parser@~1.12.0
293 http 200 https://registry.npmjs.org/stylus/-/stylus-0.42.3.tgz
294 http 200 https://registry.npmjs.org/express/-/express-4.12.3.tgz
295 silly lockFile fe235b6f-mjs-org-stylus-stylus-0-42-3-tgz https://registry.npmjs.org/stylus/-/stylus-0.42.3.tgz
296 silly lockFile fe235b6f-mjs-org-stylus-stylus-0-42-3-tgz https://registry.npmjs.org/stylus/-/stylus-0.42.3.tgz
297 silly lockFile fb5b2923-stylus-0-42-3 stylus@0.42.3
298 silly lockFile fb5b2923-stylus-0-42-3 stylus@0.42.3
299 silly lockFile c3db49de-s-org-express-express-4-12-3-tgz https://registry.npmjs.org/express/-/express-4.12.3.tgz
300 silly lockFile c3db49de-s-org-express-express-4-12-3-tgz https://registry.npmjs.org/express/-/express-4.12.3.tgz
301 silly lockFile 0b3fc563-express-4-12-3 express@4.12.3
302 silly lockFile 0b3fc563-express-4-12-3 express@4.12.3
303 silly lockFile f6913094-express-4-12-0 express@~4.12.0
304 silly lockFile f6913094-express-4-12-0 express@~4.12.0
305 error Error: EACCES, mkdir '/Users/jtryon/.npm/body-parser/1.12.2'
305 error  { [Error: EACCES, mkdir '/Users/jtryon/.npm/body-parser/1.12.2']
305 error   errno: 3,
305 error   code: 'EACCES',
305 error   path: '/Users/jtryon/.npm/body-parser/1.12.2',
305 error   parent: 'EmployeeDB' }
306 error Please try running this command again as root/Administrator.
307 error System Darwin 14.1.0
308 error command "node" "/usr/local/bin/npm" "install" "-d"
309 error cwd /Users/jtryon/IT328/EmployeeDB
310 error node -v v0.10.36
311 error npm -v 1.4.28
312 error path /Users/jtryon/.npm/body-parser/1.12.2
313 error code EACCES
314 error errno 3
315 error stack Error: EACCES, mkdir '/Users/jtryon/.npm/body-parser/1.12.2'
316 verbose exit [ 3, true ]
